<?xml version="1.0" encoding="UTF-8"?>
<!-- Generated by org.testng.reporters.JUnitXMLReporter -->
<testsuite ignored="0" hostname="Banus-Air" failures="0" tests="3" name="LoginPage Test" time="33.38" errors="0" timestamp="2024-07-14T16:00:38 IST">
  <testcase classname="com.qa.luma.tests.LoginPageTest" name="doLoginTest" time="6.947"/>
  <testcase classname="com.qa.luma.tests.LoginPageTest" name="loginPageTitleTest" time="0.197"/>
  <testcase classname="com.qa.luma.tests.LoginPageTest" name="loginPageUrlTest" time="0.052"/>
</testsuite> <!-- LoginPage Test -->
